# JRE version: OpenJDK Runtime Environment (24.0+36) (build 24+36-3646)
# Java VM: OpenJDK 64-Bit Server VM (24+36-3646, mixed mode, emulated-client, sharing, tiered, compressed oops, compressed class ptrs, g1 gc, windows-amd64)
GC Precious Log:
 CardTable entry size: 512
 Card Set container configuration: InlinePtr #cards 4 size 8 Array Of Cards #cards 16 size 48 Howl #buckets 8 coarsen threshold 3686 Howl Bitmap #cards 512 size 80 coarsen threshold 460 Card regions per heap region 1 cards per card region 4096
 CPUs: 12 total, 12 available
 Memory: 16223M
 Large Page Support: Disabled
 NUMA Support: Disabled
 Compressed Oops: Enabled (Zero based)
 Heap Region Size: 2M
 Heap Min Capacity: 8M
 Heap Initial Capacity: 254M
 Heap Max Capacity: 4056M
 Pre-touch: Disabled
 Parallel Workers: 10
 Concurrent Workers: 3
 Concurrent Refinement Workers: 10
 Periodic GC: Disabled
Heap:
 garbage-first heap   total reserved 4153344K, committed 110592K, used 73431K [0x0000000702800000, 0x0000000800000000)
  region size 2048K, 23 young (47104K), 3 survivors (6144K)
 Metaspace       used 73566K, committed 74176K, reserved 1114112K
  class space    used 8394K, committed 8640K, reserved 1048576K
GC Heap History (20 events):
Event: 2.583 GC heap before
{Heap before GC invocations=3 (full 0):
 garbage-first heap   total reserved 4153344K, committed 61440K, used 40339K [0x0000000702800000, 0x0000000800000000)
  region size 2048K, 18 young (36864K), 6 survivors (12288K)
 Metaspace       used 23338K, committed 23680K, reserved 1114112K
  class space    used 2530K, committed 2688K, reserved 1048576K
}
Event: 2.595 GC heap after
{Heap after GC invocations=4 (full 0):
 garbage-first heap   total reserved 4153344K, committed 61440K, used 16864K [0x0000000702800000, 0x0000000800000000)
  region size 2048K, 2 young (4096K), 2 survivors (4096K)
 Metaspace       used 23338K, committed 23680K, reserved 1114112K
  class space    used 2530K, committed 2688K, reserved 1048576K
}
Event: 2.972 GC heap before
{Heap before GC invocations=4 (full 0):
 garbage-first heap   total reserved 4153344K, committed 61440K, used 41440K [0x0000000702800000, 0x0000000800000000)
  region size 2048K, 14 young (28672K), 2 survivors (4096K)
 Metaspace       used 26344K, committed 26752K, reserved 1114112K
  class space    used 2928K, committed 3072K, reserved 1048576K
}
Event: 2.979 GC heap after
{Heap after GC invocations=5 (full 0):
 garbage-first heap   total reserved 4153344K, committed 61440K, used 18463K [0x0000000702800000, 0x0000000800000000)
  region size 2048K, 2 young (4096K), 2 survivors (4096K)
 Metaspace       used 26344K, committed 26752K, reserved 1114112K
  class space    used 2928K, committed 3072K, reserved 1048576K
}
Event: 3.349 GC heap before
{Heap before GC invocations=5 (full 0):
 garbage-first heap   total reserved 4153344K, committed 61440K, used 45087K [0x0000000702800000, 0x0000000800000000)
  region size 2048K, 15 young (30720K), 2 survivors (4096K)
 Metaspace       used 30643K, committed 31104K, reserved 1114112K
  class space    used 3462K, committed 3648K, reserved 1048576K
}
Event: 3.355 GC heap after
{Heap after GC invocations=6 (full 0):
 garbage-first heap   total reserved 4153344K, committed 61440K, used 20840K [0x0000000702800000, 0x0000000800000000)
  region size 2048K, 2 young (4096K), 2 survivors (4096K)
 Metaspace       used 30643K, committed 31104K, reserved 1114112K
  class space    used 3462K, committed 3648K, reserved 1048576K
}
Event: 3.652 GC heap before
{Heap before GC invocations=6 (full 0):
 garbage-first heap   total reserved 4153344K, committed 61440K, used 39272K [0x0000000702800000, 0x0000000800000000)
  region size 2048K, 12 young (24576K), 2 survivors (4096K)
 Metaspace       used 35531K, committed 35968K, reserved 1114112K
  class space    used 3984K, committed 4160K, reserved 1048576K
}
Event: 3.657 GC heap after
{Heap after GC invocations=7 (full 0):
 garbage-first heap   total reserved 4153344K, committed 61440K, used 22576K [0x0000000702800000, 0x0000000800000000)
  region size 2048K, 1 young (2048K), 1 survivors (2048K)
 Metaspace       used 35531K, committed 35968K, reserved 1114112K
  class space    used 3984K, committed 4160K, reserved 1048576K
}
Event: 4.163 GC heap before
{Heap before GC invocations=8 (full 0):
 garbage-first heap   total reserved 4153344K, committed 61440K, used 45104K [0x0000000702800000, 0x0000000800000000)
  region size 2048K, 13 young (26624K), 1 survivors (2048K)
 Metaspace       used 42610K, committed 43072K, reserved 1114112K
  class space    used 4731K, committed 4928K, reserved 1048576K
}
Event: 4.166 GC heap after
{Heap after GC invocations=9 (full 0):
 garbage-first heap   total reserved 4153344K, committed 61440K, used 24018K [0x0000000702800000, 0x0000000800000000)
  region size 2048K, 2 young (4096K), 2 survivors (4096K)
 Metaspace       used 42610K, committed 43072K, reserved 1114112K
  class space    used 4731K, committed 4928K, reserved 1048576K
}
Event: 4.642 GC heap before
{Heap before GC invocations=9 (full 0):
 garbage-first heap   total reserved 4153344K, committed 61440K, used 48594K [0x0000000702800000, 0x0000000800000000)
  region size 2048K, 14 young (28672K), 2 survivors (4096K)
 Metaspace       used 50174K, committed 50688K, reserved 1114112K
  class space    used 5479K, committed 5696K, reserved 1048576K
}
Event: 4.647 GC heap after
{Heap after GC invocations=10 (full 0):
 garbage-first heap   total reserved 4153344K, committed 61440K, used 25525K [0x0000000702800000, 0x0000000800000000)
  region size 2048K, 2 young (4096K), 2 survivors (4096K)
 Metaspace       used 50174K, committed 50688K, reserved 1114112K
  class space    used 5479K, committed 5696K, reserved 1048576K
}
Event: 5.164 GC heap before
{Heap before GC invocations=10 (full 0):
 garbage-first heap   total reserved 4153344K, committed 61440K, used 52149K [0x0000000702800000, 0x0000000800000000)
  region size 2048K, 15 young (30720K), 2 survivors (4096K)
 Metaspace       used 55813K, committed 56384K, reserved 1114112K
  class space    used 6205K, committed 6400K, reserved 1048576K
}
Event: 5.168 GC heap after
{Heap after GC invocations=11 (full 0):
 garbage-first heap   total reserved 4153344K, committed 61440K, used 26838K [0x0000000702800000, 0x0000000800000000)
  region size 2048K, 2 young (4096K), 2 survivors (4096K)
 Metaspace       used 55813K, committed 56384K, reserved 1114112K
  class space    used 6205K, committed 6400K, reserved 1048576K
}
Event: 5.502 GC heap before
{Heap before GC invocations=11 (full 0):
 garbage-first heap   total reserved 4153344K, committed 61440K, used 51414K [0x0000000702800000, 0x0000000800000000)
  region size 2048K, 14 young (28672K), 2 survivors (4096K)
 Metaspace       used 59553K, committed 60096K, reserved 1114112K
  class space    used 6606K, committed 6848K, reserved 1048576K
}
Event: 5.506 GC heap after
{Heap after GC invocations=12 (full 0):
 garbage-first heap   total reserved 4153344K, committed 61440K, used 29328K [0x0000000702800000, 0x0000000800000000)
  region size 2048K, 2 young (4096K), 2 survivors (4096K)
 Metaspace       used 59553K, committed 60096K, reserved 1114112K
  class space    used 6606K, committed 6848K, reserved 1048576K
}
Event: 5.542 GC heap before
{Heap before GC invocations=12 (full 0):
 garbage-first heap   total reserved 4153344K, committed 61440K, used 31376K [0x0000000702800000, 0x0000000800000000)
  region size 2048K, 4 young (8192K), 2 survivors (4096K)
 Metaspace       used 59689K, committed 60288K, reserved 1114112K
  class space    used 6618K, committed 6912K, reserved 1048576K
}
Event: 5.546 GC heap after
{Heap after GC invocations=13 (full 0):
 garbage-first heap   total reserved 4153344K, committed 161792K, used 29559K [0x0000000702800000, 0x0000000800000000)
  region size 2048K, 1 young (2048K), 1 survivors (2048K)
 Metaspace       used 59689K, committed 60288K, reserved 1114112K
  class space    used 6618K, committed 6912K, reserved 1048576K
}
Event: 7.916 GC heap before
{Heap before GC invocations=14 (full 0):
 garbage-first heap   total reserved 4153344K, committed 110592K, used 90999K [0x0000000702800000, 0x0000000800000000)
  region size 2048K, 32 young (65536K), 1 survivors (2048K)
 Metaspace       used 69291K, committed 69888K, reserved 1114112K
  class space    used 7884K, committed 8128K, reserved 1048576K
}
Event: 7.923 GC heap after
{Heap after GC invocations=15 (full 0):
 garbage-first heap   total reserved 4153344K, committed 110592K, used 34519K [0x0000000702800000, 0x0000000800000000)
  region size 2048K, 3 young (6144K), 3 survivors (6144K)
 Metaspace       used 69291K, committed 69888K, reserved 1114112K
  class space    used 7884K, committed 8128K, reserved 1048576K
}

